<?xml version="1.0" encoding="UTF-8"?>
<testsuite name="OutputTests" tests="1" skipped="0" failures="0" errors="0" timestamp="2019-08-05T08:00:21" hostname="DESKTOP-JKBLMS8" time="0.0">
  <properties/>
  <testcase name="testOutputFile" classname="OutputTests" time="0.0"/>
  <system-out><![CDATA[]]></system-out>
  <system-err><![CDATA[]]></system-err>
</testsuite>
